Padding vocab_size from 257 to 320 for efficiency
param_matched GPT target active 4,951,576; using n_layer=6, n_embd=256, params=4,882,432

=== Dataset: tiny_shakespeare ===
Padding vocab_size from 257 to 320 for efficiency
native: params=4,882,432 active=4,882,432 seed=42
seed 42    tiny_shakespeare   native                   step 0100/1000 val 2.6525 train_obj 2.6913 elapsed 2.6s
seed 42    tiny_shakespeare   native                   step 0200/1000 val 2.2966 train_obj 2.3286 elapsed 5.1s
seed 42    tiny_shakespeare   native                   step 0300/1000 val 2.1205 train_obj 2.1014 elapsed 7.7s
seed 42    tiny_shakespeare   native                   step 0400/1000 val 2.0149 train_obj 1.9286 elapsed 10.2s
seed 42    tiny_shakespeare   native                   step 0500/1000 val 1.9311 train_obj 1.7941 elapsed 12.7s
seed 42    tiny_shakespeare   native                   step 0600/1000 val 1.8924 train_obj 1.8062 elapsed 15.3s
seed 42    tiny_shakespeare   native                   step 0700/1000 val 1.8277 train_obj 1.8341 elapsed 17.8s
seed 42    tiny_shakespeare   native                   step 0800/1000 val 1.7904 train_obj 1.6624 elapsed 20.3s
seed 42    tiny_shakespeare   native                   step 0900/1000 val 1.7552 train_obj 1.5539 elapsed 22.9s
seed 42    tiny_shakespeare   native                   step 1000/1000 val 1.7178 train_obj 1.5461 elapsed 25.4s
param_matched: reusing identical run from native seed=42
Padding vocab_size from 257 to 320 for efficiency
deepseekv4: params=12,242,456 active=4,951,576 seed=42
seed 42    tiny_shakespeare   deepseekv4               step 0100/1000 val 2.6151 train_obj 2.9295 elapsed 22.5s
seed 42    tiny_shakespeare   deepseekv4               step 0200/1000 val 2.3170 train_obj 2.5705 elapsed 41.1s
seed 42    tiny_shakespeare   deepseekv4               step 0300/1000 val 2.1329 train_obj 2.3385 elapsed 58.3s
seed 42    tiny_shakespeare   deepseekv4               step 0400/1000 val 1.9862 train_obj 2.1161 elapsed 75.7s
seed 42    tiny_shakespeare   deepseekv4               step 0500/1000 val 1.8888 train_obj 1.9190 elapsed 92.5s
seed 42    tiny_shakespeare   deepseekv4               step 0600/1000 val 1.8175 train_obj 1.9267 elapsed 109.3s
seed 42    tiny_shakespeare   deepseekv4               step 0700/1000 val 1.7469 train_obj 1.9443 elapsed 125.9s
seed 42    tiny_shakespeare   deepseekv4               step 0800/1000 val 1.7144 train_obj 1.7400 elapsed 142.7s
seed 42    tiny_shakespeare   deepseekv4               step 0900/1000 val 1.6785 train_obj 1.6405 elapsed 159.5s
seed 42    tiny_shakespeare   deepseekv4               step 1000/1000 val 1.6285 train_obj 1.6236 elapsed 176.6s
Padding vocab_size from 257 to 320 for efficiency
native: params=4,882,432 active=4,882,432 seed=43
seed 43    tiny_shakespeare   native                   step 0100/1000 val 2.6685 train_obj 2.6863 elapsed 2.6s
seed 43    tiny_shakespeare   native                   step 0200/1000 val 2.3160 train_obj 2.3388 elapsed 5.1s
seed 43    tiny_shakespeare   native                   step 0300/1000 val 2.1462 train_obj 2.0755 elapsed 7.7s
seed 43    tiny_shakespeare   native                   step 0400/1000 val 2.0310 train_obj 2.0017 elapsed 10.2s
seed 43    tiny_shakespeare   native                   step 0500/1000 val 1.9730 train_obj 1.7912 elapsed 12.8s
seed 43    tiny_shakespeare   native                   step 0600/1000 val 1.8884 train_obj 1.7491 elapsed 15.3s
seed 43    tiny_shakespeare   native                   step 0700/1000 val 1.8385 train_obj 1.7812 elapsed 17.8s
seed 43    tiny_shakespeare   native                   step 0800/1000 val 1.7933 train_obj 1.6065 elapsed 20.4s
seed 43    tiny_shakespeare   native                   step 0900/1000 val 1.7652 train_obj 1.6190 elapsed 23.0s
seed 43    tiny_shakespeare   native                   step 1000/1000 val 1.6988 train_obj 1.5768 elapsed 25.5s
param_matched: reusing identical run from native seed=43
Padding vocab_size from 257 to 320 for efficiency
deepseekv4: params=12,242,456 active=4,951,576 seed=43
seed 43    tiny_shakespeare   deepseekv4               step 0100/1000 val 2.6134 train_obj 2.8935 elapsed 21.1s
seed 43    tiny_shakespeare   deepseekv4               step 0200/1000 val 2.2978 train_obj 2.5447 elapsed 39.5s
seed 43    tiny_shakespeare   deepseekv4               step 0300/1000 val 2.0954 train_obj 2.2445 elapsed 57.5s
seed 43    tiny_shakespeare   deepseekv4               step 0400/1000 val 1.9440 train_obj 2.1310 elapsed 75.3s
seed 43    tiny_shakespeare   deepseekv4               step 0500/1000 val 1.8604 train_obj 1.8837 elapsed 92.9s
seed 43    tiny_shakespeare   deepseekv4               step 0600/1000 val 1.7871 train_obj 1.8540 elapsed 111.0s
seed 43    tiny_shakespeare   deepseekv4               step 0700/1000 val 1.7347 train_obj 1.8622 elapsed 128.4s
seed 43    tiny_shakespeare   deepseekv4               step 0800/1000 val 1.6843 train_obj 1.7097 elapsed 146.4s
seed 43    tiny_shakespeare   deepseekv4               step 0900/1000 val 1.6468 train_obj 1.6938 elapsed 164.2s
seed 43    tiny_shakespeare   deepseekv4               step 1000/1000 val 1.5850 train_obj 1.6563 elapsed 182.0s
Padding vocab_size from 257 to 320 for efficiency
native: params=4,882,432 active=4,882,432 seed=44
seed 44    tiny_shakespeare   native                   step 0100/1000 val 2.6632 train_obj 2.6787 elapsed 2.6s
seed 44    tiny_shakespeare   native                   step 0200/1000 val 2.3256 train_obj 2.3154 elapsed 5.1s
seed 44    tiny_shakespeare   native                   step 0300/1000 val 2.1370 train_obj 2.1245 elapsed 7.7s
seed 44    tiny_shakespeare   native                   step 0400/1000 val 2.0447 train_obj 1.9763 elapsed 10.2s
seed 44    tiny_shakespeare   native                   step 0500/1000 val 1.9581 train_obj 1.8658 elapsed 12.7s
seed 44    tiny_shakespeare   native                   step 0600/1000 val 1.9073 train_obj 1.8000 elapsed 15.3s
seed 44    tiny_shakespeare   native                   step 0700/1000 val 1.8524 train_obj 1.7461 elapsed 17.8s
seed 44    tiny_shakespeare   native                   step 0800/1000 val 1.8330 train_obj 1.7223 elapsed 20.4s
seed 44    tiny_shakespeare   native                   step 0900/1000 val 1.7582 train_obj 1.5785 elapsed 22.9s
seed 44    tiny_shakespeare   native                   step 1000/1000 val 1.7585 train_obj 1.5198 elapsed 25.5s
param_matched: reusing identical run from native seed=44
Padding vocab_size from 257 to 320 for efficiency
deepseekv4: params=12,242,456 active=4,951,576 seed=44
seed 44    tiny_shakespeare   deepseekv4               step 0100/1000 val 2.6244 train_obj 2.9094 elapsed 20.5s
seed 44    tiny_shakespeare   deepseekv4               step 0200/1000 val 2.3135 train_obj 2.5549 elapsed 38.6s
seed 44    tiny_shakespeare   deepseekv4               step 0300/1000 val 2.0824 train_obj 2.2998 elapsed 56.3s
seed 44    tiny_shakespeare   deepseekv4               step 0400/1000 val 1.9465 train_obj 2.0694 elapsed 73.7s
seed 44    tiny_shakespeare   deepseekv4               step 0500/1000 val 1.8596 train_obj 1.9173 elapsed 91.3s
seed 44    tiny_shakespeare   deepseekv4               step 0600/1000 val 1.7974 train_obj 1.8672 elapsed 108.7s
seed 44    tiny_shakespeare   deepseekv4               step 0700/1000 val 1.7215 train_obj 1.8279 elapsed 125.9s
seed 44    tiny_shakespeare   deepseekv4               step 0800/1000 val 1.6861 train_obj 1.8076 elapsed 143.5s
seed 44    tiny_shakespeare   deepseekv4               step 0900/1000 val 1.6304 train_obj 1.6588 elapsed 160.7s
seed 44    tiny_shakespeare   deepseekv4               step 1000/1000 val 1.6063 train_obj 1.5681 elapsed 177.9s

=== Dataset: wikitext2 ===
Padding vocab_size from 257 to 320 for efficiency
native: params=4,882,432 active=4,882,432 seed=42
seed 42    wikitext2          native                   step 0100/1000 val 2.6419 train_obj 2.6448 elapsed 4.8s
seed 42    wikitext2          native                   step 0200/1000 val 2.3755 train_obj 2.3654 elapsed 9.6s
seed 42    wikitext2          native                   step 0300/1000 val 2.2095 train_obj 2.2028 elapsed 14.4s
seed 42    wikitext2          native                   step 0400/1000 val 2.0903 train_obj 2.1059 elapsed 19.2s
seed 42    wikitext2          native                   step 0500/1000 val 1.9953 train_obj 2.0662 elapsed 24.0s
seed 42    wikitext2          native                   step 0600/1000 val 1.9218 train_obj 1.9458 elapsed 28.9s
seed 42    wikitext2          native                   step 0700/1000 val 1.8596 train_obj 1.8244 elapsed 33.7s
seed 42    wikitext2          native                   step 0800/1000 val 1.8004 train_obj 1.8851 elapsed 38.5s
seed 42    wikitext2          native                   step 0900/1000 val 1.7568 train_obj 1.7561 elapsed 43.3s
seed 42    wikitext2          native                   step 1000/1000 val 1.7189 train_obj 1.7198 elapsed 48.2s
param_matched: reusing identical run from native seed=42
Padding vocab_size from 257 to 320 for efficiency
deepseekv4: params=12,242,456 active=4,951,576 seed=42
seed 42    wikitext2          deepseekv4               step 0100/1000 val 2.6149 train_obj 2.8997 elapsed 103.2s
seed 42    wikitext2          deepseekv4               step 0200/1000 val 2.3418 train_obj 2.5803 elapsed 164.4s
seed 42    wikitext2          deepseekv4               step 0300/1000 val 2.1436 train_obj 2.3579 elapsed 220.1s
seed 42    wikitext2          deepseekv4               step 0400/1000 val 2.0119 train_obj 2.2553 elapsed 266.9s
seed 42    wikitext2          deepseekv4               step 0500/1000 val 1.9129 train_obj 2.2470 elapsed 314.0s
seed 42    wikitext2          deepseekv4               step 0600/1000 val 1.8288 train_obj 2.0520 elapsed 357.6s
seed 42    wikitext2          deepseekv4               step 0700/1000 val 1.7510 train_obj 1.8840 elapsed 396.0s
seed 42    wikitext2          deepseekv4               step 0800/1000 val 1.7030 train_obj 1.9892 elapsed 435.1s
seed 42    wikitext2          deepseekv4               step 0900/1000 val 1.6535 train_obj 1.8583 elapsed 470.1s
seed 42    wikitext2          deepseekv4               step 1000/1000 val 1.6219 train_obj 1.8256 elapsed 505.1s
Padding vocab_size from 257 to 320 for efficiency
native: params=4,882,432 active=4,882,432 seed=43
seed 43    wikitext2          native                   step 0100/1000 val 2.6610 train_obj 2.6416 elapsed 4.9s
seed 43    wikitext2          native                   step 0200/1000 val 2.3653 train_obj 2.3672 elapsed 9.7s
seed 43    wikitext2          native                   step 0300/1000 val 2.2121 train_obj 2.1884 elapsed 14.6s
seed 43    wikitext2          native                   step 0400/1000 val 2.0783 train_obj 2.0660 elapsed 19.5s
seed 43    wikitext2          native                   step 0500/1000 val 1.9932 train_obj 1.9567 elapsed 24.3s
seed 43    wikitext2          native                   step 0600/1000 val 1.9109 train_obj 1.9074 elapsed 29.1s
seed 43    wikitext2          native                   step 0700/1000 val 1.8442 train_obj 1.8168 elapsed 34.0s
seed 43    wikitext2          native                   step 0800/1000 val 1.8001 train_obj 1.6935 elapsed 38.8s
seed 43    wikitext2          native                   step 0900/1000 val 1.7581 train_obj 1.7695 elapsed 43.7s
seed 43    wikitext2          native                   step 1000/1000 val 1.7228 train_obj 1.6852 elapsed 48.5s
param_matched: reusing identical run from native seed=43
Padding vocab_size from 257 to 320 for efficiency
deepseekv4: params=12,242,456 active=4,951,576 seed=43
seed 43    wikitext2          deepseekv4               step 0100/1000 val 2.6161 train_obj 2.8655 elapsed 65.0s
seed 43    wikitext2          deepseekv4               step 0200/1000 val 2.3463 train_obj 2.5816 elapsed 117.3s
seed 43    wikitext2          deepseekv4               step 0300/1000 val 2.1911 train_obj 2.3813 elapsed 156.0s
seed 43    wikitext2          deepseekv4               step 0400/1000 val 2.0429 train_obj 2.2527 elapsed 193.3s
seed 43    wikitext2          deepseekv4               step 0500/1000 val 1.9612 train_obj 2.1692 elapsed 228.7s
seed 43    wikitext2          deepseekv4               step 0600/1000 val 1.8521 train_obj 2.0915 elapsed 262.7s
seed 43    wikitext2          deepseekv4               step 0700/1000 val 1.7830 train_obj 1.9589 elapsed 297.0s
seed 43    wikitext2          deepseekv4               step 0800/1000 val 1.7259 train_obj 1.8395 elapsed 330.4s
seed 43    wikitext2          deepseekv4               step 0900/1000 val 1.6758 train_obj 1.8837 elapsed 364.2s
seed 43    wikitext2          deepseekv4               step 1000/1000 val 1.6463 train_obj 1.8143 elapsed 403.6s
Padding vocab_size from 257 to 320 for efficiency
native: params=4,882,432 active=4,882,432 seed=44
seed 44    wikitext2          native                   step 0100/1000 val 2.6456 train_obj 2.7106 elapsed 4.9s
seed 44    wikitext2          native                   step 0200/1000 val 2.3577 train_obj 2.3843 elapsed 9.7s
seed 44    wikitext2          native                   step 0300/1000 val 2.2025 train_obj 2.2268 elapsed 14.6s
seed 44    wikitext2          native                   step 0400/1000 val 2.0749 train_obj 2.0237 elapsed 19.4s
seed 44    wikitext2          native                   step 0500/1000 val 1.9897 train_obj 1.9995 elapsed 24.3s
seed 44    wikitext2          native                   step 0600/1000 val 1.9100 train_obj 1.9230 elapsed 29.1s
seed 44    wikitext2          native                   step 0700/1000 val 1.8533 train_obj 1.8362 elapsed 34.0s
seed 44    wikitext2          native                   step 0800/1000 val 1.8012 train_obj 1.7837 elapsed 38.8s
seed 44    wikitext2          native                   step 0900/1000 val 1.7613 train_obj 1.6918 elapsed 43.7s
seed 44    wikitext2          native                   step 1000/1000 val 1.7117 train_obj 1.6950 elapsed 48.5s
param_matched: reusing identical run from native seed=44
Padding vocab_size from 257 to 320 for efficiency
deepseekv4: params=12,242,456 active=4,951,576 seed=44
seed 44    wikitext2          deepseekv4               step 0100/1000 val 2.6098 train_obj 2.9522 elapsed 53.6s
seed 44    wikitext2          deepseekv4               step 0200/1000 val 2.3351 train_obj 2.6013 elapsed 101.6s
seed 44    wikitext2          deepseekv4               step 0300/1000 val 2.1561 train_obj 2.4059 elapsed 143.5s
seed 44    wikitext2          deepseekv4               step 0400/1000 val 2.0187 train_obj 2.1972 elapsed 177.8s
seed 44    wikitext2          deepseekv4               step 0500/1000 val 1.9224 train_obj 2.1617 elapsed 212.0s
seed 44    wikitext2          deepseekv4               step 0600/1000 val 1.8350 train_obj 2.0695 elapsed 245.2s
seed 44    wikitext2          deepseekv4               step 0700/1000 val 1.7791 train_obj 1.9538 elapsed 279.0s
seed 44    wikitext2          deepseekv4               step 0800/1000 val 1.7258 train_obj 1.9195 elapsed 313.1s
seed 44    wikitext2          deepseekv4               step 0900/1000 val 1.6847 train_obj 1.8207 elapsed 346.8s
seed 44    wikitext2          deepseekv4               step 1000/1000 val 1.6460 train_obj 1.8254 elapsed 379.7s

Final losses
medium  seed 42    tiny_shakespeare   deepseekv4               test       loss 1.7151 ppl 5.56 bpb 2.474
medium  seed 42    tiny_shakespeare   deepseekv4               train      loss 1.4923 ppl 4.45 bpb 2.153
medium  seed 42    tiny_shakespeare   deepseekv4               validation loss 1.6285 ppl 5.10 bpb 2.349
medium  seed 43    tiny_shakespeare   deepseekv4               test       loss 1.6828 ppl 5.38 bpb 2.428
medium  seed 43    tiny_shakespeare   deepseekv4               train      loss 1.4569 ppl 4.29 bpb 2.102
medium  seed 43    tiny_shakespeare   deepseekv4               validation loss 1.5850 ppl 4.88 bpb 2.287
medium  seed 44    tiny_shakespeare   deepseekv4               test       loss 1.6919 ppl 5.43 bpb 2.441
medium  seed 44    tiny_shakespeare   deepseekv4               train      loss 1.4545 ppl 4.28 bpb 2.098
medium  seed 44    tiny_shakespeare   deepseekv4               validation loss 1.6063 ppl 4.98 bpb 2.317
medium  seed 42    tiny_shakespeare   native                   test       loss 1.8029 ppl 6.07 bpb 2.601
medium  seed 42    tiny_shakespeare   native                   train      loss 1.5872 ppl 4.89 bpb 2.290
medium  seed 42    tiny_shakespeare   native                   validation loss 1.7178 ppl 5.57 bpb 2.478
medium  seed 43    tiny_shakespeare   native                   test       loss 1.7784 ppl 5.92 bpb 2.566
medium  seed 43    tiny_shakespeare   native                   train      loss 1.5718 ppl 4.82 bpb 2.268
medium  seed 43    tiny_shakespeare   native                   validation loss 1.6988 ppl 5.47 bpb 2.451
medium  seed 44    tiny_shakespeare   native                   test       loss 1.8231 ppl 6.19 bpb 2.630
medium  seed 44    tiny_shakespeare   native                   train      loss 1.5895 ppl 4.90 bpb 2.293
medium  seed 44    tiny_shakespeare   native                   validation loss 1.7585 ppl 5.80 bpb 2.537
medium  seed 42    tiny_shakespeare   param_matched            test       loss 1.8029 ppl 6.07 bpb 2.601
medium  seed 42    tiny_shakespeare   param_matched            train      loss 1.5872 ppl 4.89 bpb 2.290
medium  seed 42    tiny_shakespeare   param_matched            validation loss 1.7178 ppl 5.57 bpb 2.478
medium  seed 43    tiny_shakespeare   param_matched            test       loss 1.7784 ppl 5.92 bpb 2.566
medium  seed 43    tiny_shakespeare   param_matched            train      loss 1.5718 ppl 4.82 bpb 2.268
medium  seed 43    tiny_shakespeare   param_matched            validation loss 1.6988 ppl 5.47 bpb 2.451
medium  seed 44    tiny_shakespeare   param_matched            test       loss 1.8231 ppl 6.19 bpb 2.630
medium  seed 44    tiny_shakespeare   param_matched            train      loss 1.5895 ppl 4.90 bpb 2.293
medium  seed 44    tiny_shakespeare   param_matched            validation loss 1.7585 ppl 5.80 bpb 2.537
medium  seed 42    wikitext2          deepseekv4               test       loss 1.6459 ppl 5.19 bpb 2.375
medium  seed 42    wikitext2          deepseekv4               train      loss 1.6224 ppl 5.07 bpb 2.341
medium  seed 42    wikitext2          deepseekv4               validation loss 1.6219 ppl 5.06 bpb 2.340
medium  seed 43    wikitext2          deepseekv4               test       loss 1.6615 ppl 5.27 bpb 2.397
medium  seed 43    wikitext2          deepseekv4               train      loss 1.6418 ppl 5.16 bpb 2.369
medium  seed 43    wikitext2          deepseekv4               validation loss 1.6463 ppl 5.19 bpb 2.375
medium  seed 44    wikitext2          deepseekv4               test       loss 1.6639 ppl 5.28 bpb 2.401
medium  seed 44    wikitext2          deepseekv4               train      loss 1.6472 ppl 5.19 bpb 2.376
medium  seed 44    wikitext2          deepseekv4               validation loss 1.6460 ppl 5.19 bpb 2.375
medium  seed 42    wikitext2          native                   test       loss 1.7395 ppl 5.69 bpb 2.510
medium  seed 42    wikitext2          native                   train      loss 1.7243 ppl 5.61 bpb 2.488
medium  seed 42    wikitext2          native                   validation loss 1.7189 ppl 5.58 bpb 2.480
medium  seed 43    wikitext2          native                   test       loss 1.7376 ppl 5.68 bpb 2.507
medium  seed 43    wikitext2          native                   train      loss 1.7221 ppl 5.60 bpb 2.484
medium  seed 43    wikitext2          native                   validation loss 1.7228 ppl 5.60 bpb 2.485
medium  seed 44    wikitext2          native                   test       loss 1.7310 ppl 5.65 bpb 2.497
medium  seed 44    wikitext2          native                   train      loss 1.7164 ppl 5.56 bpb 2.476
medium  seed 44    wikitext2          native                   validation loss 1.7117 ppl 5.54 bpb 2.469
medium  seed 42    wikitext2          param_matched            test       loss 1.7395 ppl 5.69 bpb 2.510
medium  seed 42    wikitext2          param_matched            train      loss 1.7243 ppl 5.61 bpb 2.488
medium  seed 42    wikitext2          param_matched            validation loss 1.7189 ppl 5.58 bpb 2.480
medium  seed 43    wikitext2          param_matched            test       loss 1.7376 ppl 5.68 bpb 2.507
medium  seed 43    wikitext2          param_matched            train      loss 1.7221 ppl 5.60 bpb 2.484
medium  seed 43    wikitext2          param_matched            validation loss 1.7228 ppl 5.60 bpb 2.485
medium  seed 44    wikitext2          param_matched            test       loss 1.7310 ppl 5.65 bpb 2.497
medium  seed 44    wikitext2          param_matched            train      loss 1.7164 ppl 5.56 bpb 2.476
medium  seed 44    wikitext2          param_matched            validation loss 1.7117 ppl 5.54 bpb 2.469

Wrote artifacts/deepseekv4_medium_mps_multiseed/runs.csv
Wrote artifacts/deepseekv4_medium_mps_multiseed/curves.csv
Wrote artifacts/deepseekv4_medium_mps_multiseed/summary.csv
Wrote artifacts/deepseekv4_medium_mps_multiseed/curve_summary.csv
Wrote artifacts/deepseekv4_medium_mps_multiseed/model_metadata.csv
Wrote artifacts/deepseekv4_medium_mps_multiseed/expert_counts.csv
